<?xml version="1.0" encoding="UTF-8"?>
<!-- Generated by org.testng.reporters.JUnitXMLReporter -->
<testsuite ignored="0" hostname="IN-C335VQ3" failures="9" tests="44" name="Test" time="326.191" errors="0" timestamp="2022-11-17T19:23:27 IST">
  <testcase classname="testcases.Login" name="Tc_SL_004to009" time="0.354"/>
  <testcase classname="testcases.Login" name="Tc_SL_004to009" time="0.311"/>
  <testcase classname="testcases.Login" name="Tc_SL_004to009" time="0.274"/>
  <testcase classname="testcases.Login" name="Tc_SL_004to009" time="0.237"/>
  <testcase classname="testcases.Login" name="Tc_SL_004to009" time="0.375"/>
  <testcase classname="testcases.Login" name="Tc_SL_004to009" time="0.234"/>
  <testcase classname="testcases.Menu" name="Tc_SL_010" time="2.065"/>
  <testcase classname="testcases.Menu" name="Tc_SL_011" time="6.142"/>
  <testcase classname="testcases.Menu" name="Tc_SL_012" time="7.255"/>
  <testcase classname="testcases.Menu" name="Tc_SL_013" time="5.174"/>
  <testcase classname="testcases.Menu" name="Tc_SL_014" time="10.016"/>
  <testcase classname="testcases.Menu" name="Tc_SL_015" time="4.139"/>
  <testcase classname="testcases.Menu" name="Tc_SL_017" time="4.149"/>
  <testcase classname="testcases.Filter" name="Tc_SL_018" time="2.158"/>
  <testcase classname="testcases.Filter" name="Tc_SL_019" time="2.21"/>
  <testcase classname="testcases.Filter" name="Tc_SL_020" time="2.284"/>
  <testcase classname="testcases.Filter" name="Tc_SL_021" time="2.273"/>
  <testcase classname="testcases.AddtocartRemove" name="Tc_SL_032035" time="4.214"/>
  <testcase classname="testcases.AddtocartRemove" name="Tc_SL_033036" time="3.961"/>
  <testcase classname="testcases.AddtocartRemove" name="Tc_SL_034037" time="5.257"/>
  <testcase classname="testcases.AddtocartRemove" name="Tc_SL_038039040" time="8.425"/>
  <testcase classname="testcases.AddtocartRemove" name="Tc_SL_041" time="2.244">
    <failure type="org.openqa.selenium.InvalidElementStateException" message="invalid element state
  (Session info: chrome=107.0.5304.107)
Build info: version: &amp;apos;4.6.0&amp;apos;, revision: &amp;apos;79f1c02ae20&amp;apos;
System info: os.name: &amp;apos;Windows 10&amp;apos;, os.arch: &amp;apos;amd64&amp;apos;, os.version: &amp;apos;10.0&amp;apos;, java.version: &amp;apos;17.0.4.1&amp;apos;
Driver info: org.openqa.selenium.chrome.ChromeDriver
Command: [f8647798ec7ef37c818856e73437c7de, clearElement {id=8d6f9905-30c7-4882-a88d-ca8d0ab424c9}]
Capabilities {acceptInsecureCerts: false, browserName: chrome, browserVersion: 107.0.5304.107, chrome: {chromedriverVersion: 107.0.5304.62 (1eec40d3a576..., userDataDir: C:\Users\dbegum01\AppData\L...}, goog:chromeOptions: {debuggerAddress: localhost:49160}, networkConnectionEnabled: false, pageLoadStrategy: normal, platformName: WINDOWS, proxy: Proxy(), se:cdp: ws://localhost:49160/devtoo..., se:cdpVersion: 107.0.5304.107, setWindowRect: true, strictFileInteractability: false, timeouts: {implicit: 0, pageLoad: 300000, script: 30000}, unhandledPromptBehavior: dismiss and notify, webauthn:extension:credBlob: true, webauthn:extension:largeBlob: true, webauthn:virtualAuthenticators: true}
Element: [[ChromeDriver: chrome on WINDOWS (f8647798ec7ef37c818856e73437c7de)] -&amp;gt; xpath: //div[@class=&amp;apos;cart_quantity&amp;apos;]]
Session ID: f8647798ec7ef37c818856e73437c7de">
      <![CDATA[org.openqa.selenium.InvalidElementStateException: invalid element state
  (Session info: chrome=107.0.5304.107)
Build info: version: '4.6.0', revision: '79f1c02ae20'
System info: os.name: 'Windows 10', os.arch: 'amd64', os.version: '10.0', java.version: '17.0.4.1'
Driver info: org.openqa.selenium.chrome.ChromeDriver
Command: [f8647798ec7ef37c818856e73437c7de, clearElement {id=8d6f9905-30c7-4882-a88d-ca8d0ab424c9}]
Capabilities {acceptInsecureCerts: false, browserName: chrome, browserVersion: 107.0.5304.107, chrome: {chromedriverVersion: 107.0.5304.62 (1eec40d3a576..., userDataDir: C:\Users\dbegum01\AppData\L...}, goog:chromeOptions: {debuggerAddress: localhost:49160}, networkConnectionEnabled: false, pageLoadStrategy: normal, platformName: WINDOWS, proxy: Proxy(), se:cdp: ws://localhost:49160/devtoo..., se:cdpVersion: 107.0.5304.107, setWindowRect: true, strictFileInteractability: false, timeouts: {implicit: 0, pageLoad: 300000, script: 30000}, unhandledPromptBehavior: dismiss and notify, webauthn:extension:credBlob: true, webauthn:extension:largeBlob: true, webauthn:virtualAuthenticators: true}
Element: [[ChromeDriver: chrome on WINDOWS (f8647798ec7ef37c818856e73437c7de)] -> xpath: //div[@class='cart_quantity']]
Session ID: f8647798ec7ef37c818856e73437c7de
at org.openqa.selenium.remote.codec.w3c.W3CHttpResponseCodec.createException(W3CHttpResponseCodec.java:200)
at org.openqa.selenium.remote.codec.w3c.W3CHttpResponseCodec.decode(W3CHttpResponseCodec.java:133)
at org.openqa.selenium.remote.codec.w3c.W3CHttpResponseCodec.decode(W3CHttpResponseCodec.java:53)
at org.openqa.selenium.remote.HttpCommandExecutor.execute(HttpCommandExecutor.java:184)
at org.openqa.selenium.remote.service.DriverCommandExecutor.invokeExecute(DriverCommandExecutor.java:167)
at org.openqa.selenium.remote.service.DriverCommandExecutor.execute(DriverCommandExecutor.java:142)
at org.openqa.selenium.remote.RemoteWebDriver.execute(RemoteWebDriver.java:541)
at org.openqa.selenium.remote.RemoteWebElement.execute(RemoteWebElement.java:257)
at org.openqa.selenium.remote.RemoteWebElement.clear(RemoteWebElement.java:132)
at testcases.AddtocartRemove.Tc_SL_041(AddtocartRemove.java:112)
at java.base/java.util.ArrayList.forEach(ArrayList.java:1511)
at java.base/java.util.concurrent.FutureTask.run(FutureTask.java:264)
at java.base/java.util.concurrent.ThreadPoolExecutor.runWorker(ThreadPoolExecutor.java:1136)
at java.base/java.util.concurrent.ThreadPoolExecutor$Worker.run(ThreadPoolExecutor.java:635)
at java.base/java.lang.Thread.run(Thread.java:833)
... Removed 22 stack frames]]>
    </failure>
  </testcase> <!-- Tc_SL_041 -->
  <testcase classname="testcases.Back" name="Tc_SL_027" time="6.197"/>
  <testcase classname="testcases.Socialconnect" name="Tc_SL_024" time="4.231"/>
  <testcase classname="testcases.Socialconnect" name="Tc_SL_025" time="4.152"/>
  <testcase classname="testcases.Socialconnect" name="Tc_SL_026" time="8.234"/>
  <testcase classname="testcases.FilterandBack" name="Tc_SL_028" time="6.377"/>
  <testcase classname="testcases.FilterandBack" name="Tc_SL_029" time="8.406">
    <failure type="java.lang.AssertionError" message="expected [Test.allTheThings() T-Shirt (Red)] but found [Sauce Labs Backpack]">
      <![CDATA[java.lang.AssertionError: expected [Test.allTheThings() T-Shirt (Red)] but found [Sauce Labs Backpack]
at testcases.FilterandBack.Tc_SL_029(FilterandBack.java:62)
at java.base/java.util.ArrayList.forEach(ArrayList.java:1511)
at java.base/java.util.concurrent.FutureTask.run(FutureTask.java:264)
at java.base/java.util.concurrent.ThreadPoolExecutor.runWorker(ThreadPoolExecutor.java:1136)
at java.base/java.util.concurrent.ThreadPoolExecutor$Worker.run(ThreadPoolExecutor.java:635)
at java.base/java.lang.Thread.run(Thread.java:833)
... Removed 23 stack frames]]>
    </failure>
  </testcase> <!-- Tc_SL_029 -->
  <testcase classname="testcases.FilterandBack" name="Tc_SL_030" time="8.404">
    <failure type="java.lang.AssertionError" message="expected [Sauce Labs Onesie] but found [Sauce Labs Backpack]">
      <![CDATA[java.lang.AssertionError: expected [Sauce Labs Onesie] but found [Sauce Labs Backpack]
at testcases.FilterandBack.Tc_SL_030(FilterandBack.java:79)
at java.base/java.util.ArrayList.forEach(ArrayList.java:1511)
at java.base/java.util.concurrent.FutureTask.run(FutureTask.java:264)
at java.base/java.util.concurrent.ThreadPoolExecutor.runWorker(ThreadPoolExecutor.java:1136)
at java.base/java.util.concurrent.ThreadPoolExecutor$Worker.run(ThreadPoolExecutor.java:635)
at java.base/java.lang.Thread.run(Thread.java:833)
... Removed 23 stack frames]]>
    </failure>
  </testcase> <!-- Tc_SL_030 -->
  <testcase classname="testcases.FilterandBack" name="Tc_SL_031" time="8.383">
    <failure type="java.lang.AssertionError" message="expected [Sauce Labs Fleece Jacket] but found [Sauce Labs Backpack]">
      <![CDATA[java.lang.AssertionError: expected [Sauce Labs Fleece Jacket] but found [Sauce Labs Backpack]
at testcases.FilterandBack.Tc_SL_031(FilterandBack.java:95)
at java.base/java.util.ArrayList.forEach(ArrayList.java:1511)
at java.base/java.util.concurrent.FutureTask.run(FutureTask.java:264)
at java.base/java.util.concurrent.ThreadPoolExecutor.runWorker(ThreadPoolExecutor.java:1136)
at java.base/java.util.concurrent.ThreadPoolExecutor$Worker.run(ThreadPoolExecutor.java:635)
at java.base/java.lang.Thread.run(Thread.java:833)
... Removed 23 stack frames]]>
    </failure>
  </testcase> <!-- Tc_SL_031 -->
  <testcase classname="testcases.Product" name="Tc_SL_023" time="0.078"/>
  <testcase classname="testcases.Checkout" name="Tc_SL_042043" time="2.143"/>
  <testcase classname="testcases.Checkout" name="Tc_SL_046t0049" time="4.376"/>
  <testcase classname="testcases.Checkout" name="Tc_SL_046t0049" time="4.465"/>
  <testcase classname="testcases.Checkout" name="Tc_SL_046t0049" time="4.42"/>
  <testcase classname="testcases.Checkout" name="Tc_SL_046t0049" time="4.425"/>
  <testcase classname="testcases.ChkoutFail" name="Tc_SL_050to053" time="4.428">
    <failure type="java.lang.AssertionError" message="expected [https://www.saucedemo.com/checkout-step-one.html] but found [https://www.saucedemo.com/checkout-step-two.html]">
      <![CDATA[java.lang.AssertionError: expected [https://www.saucedemo.com/checkout-step-one.html] but found [https://www.saucedemo.com/checkout-step-two.html]
at testcases.ChkoutFail.Tc_SL_050to053(ChkoutFail.java:64)
at java.base/java.util.ArrayList.forEach(ArrayList.java:1511)
at java.base/java.util.concurrent.FutureTask.run(FutureTask.java:264)
at java.base/java.util.concurrent.ThreadPoolExecutor.runWorker(ThreadPoolExecutor.java:1136)
at java.base/java.util.concurrent.ThreadPoolExecutor$Worker.run(ThreadPoolExecutor.java:635)
at java.base/java.lang.Thread.run(Thread.java:833)
... Removed 23 stack frames]]>
    </failure>
  </testcase> <!-- Tc_SL_050to053 -->
  <testcase classname="testcases.ChkoutFail" name="Tc_SL_050to053" time="4.431">
    <failure type="java.lang.AssertionError" message="expected [https://www.saucedemo.com/checkout-step-one.html] but found [https://www.saucedemo.com/checkout-step-two.html]">
      <![CDATA[java.lang.AssertionError: expected [https://www.saucedemo.com/checkout-step-one.html] but found [https://www.saucedemo.com/checkout-step-two.html]
at testcases.ChkoutFail.Tc_SL_050to053(ChkoutFail.java:64)
at java.base/java.util.ArrayList.forEach(ArrayList.java:1511)
at java.base/java.util.concurrent.FutureTask.run(FutureTask.java:264)
at java.base/java.util.concurrent.ThreadPoolExecutor.runWorker(ThreadPoolExecutor.java:1136)
at java.base/java.util.concurrent.ThreadPoolExecutor$Worker.run(ThreadPoolExecutor.java:635)
at java.base/java.lang.Thread.run(Thread.java:833)
... Removed 23 stack frames]]>
    </failure>
  </testcase> <!-- Tc_SL_050to053 -->
  <testcase classname="testcases.ChkoutFail" name="Tc_SL_050to053" time="4.44">
    <failure type="java.lang.AssertionError" message="expected [https://www.saucedemo.com/checkout-step-one.html] but found [https://www.saucedemo.com/checkout-step-two.html]">
      <![CDATA[java.lang.AssertionError: expected [https://www.saucedemo.com/checkout-step-one.html] but found [https://www.saucedemo.com/checkout-step-two.html]
at testcases.ChkoutFail.Tc_SL_050to053(ChkoutFail.java:64)
at java.base/java.util.ArrayList.forEach(ArrayList.java:1511)
at java.base/java.util.concurrent.FutureTask.run(FutureTask.java:264)
at java.base/java.util.concurrent.ThreadPoolExecutor.runWorker(ThreadPoolExecutor.java:1136)
at java.base/java.util.concurrent.ThreadPoolExecutor$Worker.run(ThreadPoolExecutor.java:635)
at java.base/java.lang.Thread.run(Thread.java:833)
... Removed 23 stack frames]]>
    </failure>
  </testcase> <!-- Tc_SL_050to053 -->
  <testcase classname="testcases.ChkoutFail" name="Tc_SL_050to053" time="4.401">
    <failure type="java.lang.AssertionError" message="expected [https://www.saucedemo.com/checkout-step-one.html] but found [https://www.saucedemo.com/checkout-step-two.html]">
      <![CDATA[java.lang.AssertionError: expected [https://www.saucedemo.com/checkout-step-one.html] but found [https://www.saucedemo.com/checkout-step-two.html]
at testcases.ChkoutFail.Tc_SL_050to053(ChkoutFail.java:64)
at java.base/java.util.ArrayList.forEach(ArrayList.java:1511)
at java.base/java.util.concurrent.FutureTask.run(FutureTask.java:264)
at java.base/java.util.concurrent.ThreadPoolExecutor.runWorker(ThreadPoolExecutor.java:1136)
at java.base/java.util.concurrent.ThreadPoolExecutor$Worker.run(ThreadPoolExecutor.java:635)
at java.base/java.lang.Thread.run(Thread.java:833)
... Removed 23 stack frames]]>
    </failure>
  </testcase> <!-- Tc_SL_050to053 -->
  <testcase classname="testcases.ChkoutwithoutProduct" name="Tc_SL_045" time="10.606">
    <failure type="java.lang.NullPointerException" message="Cannot invoke &amp;quot;org.openqa.selenium.WebElement.isDisplayed()&amp;quot; because the return value of &amp;quot;testcases.ChkoutwithoutProduct.element()&amp;quot; is null">
      <![CDATA[java.lang.NullPointerException: Cannot invoke "org.openqa.selenium.WebElement.isDisplayed()" because the return value of "testcases.ChkoutwithoutProduct.element()" is null
at testcases.ChkoutwithoutProduct.Tc_SL_045(ChkoutwithoutProduct.java:36)
at java.base/java.util.ArrayList.forEach(ArrayList.java:1511)
at java.base/java.util.concurrent.FutureTask.run(FutureTask.java:264)
at java.base/java.util.concurrent.ThreadPoolExecutor.runWorker(ThreadPoolExecutor.java:1136)
at java.base/java.util.concurrent.ThreadPoolExecutor$Worker.run(ThreadPoolExecutor.java:635)
at java.base/java.lang.Thread.run(Thread.java:833)
... Removed 17 stack frames]]>
    </failure>
  </testcase> <!-- Tc_SL_045 -->
  <testcase classname="testcases.CheckoutoverviewandBackhome" name="Tc_SL_054" time="0.175"/>
  <testcase classname="testcases.CheckoutoverviewandBackhome" name="Tc_SL_055" time="3.148"/>
  <testcase classname="testcases.CheckoutoverviewandBackhome" name="Tc_SL_056" time="3.39"/>
</testsuite> <!-- Test -->
